<?xml version="1.0" encoding="UTF-8"?>
<!-- Generated by org.testng.reporters.JUnitReportReporter -->
<testsuite hostname="DESKTOP-C4MOHRM" failures="0" tests="3" name="testrunner.TestRunner$CucumberTestNGRunner" time="4.577" errors="0" timestamp="2025-03-12T12:38:17 IST" skipped="0">
  <testcase classname="testrunner.TestRunner$CucumberTestNGRunner" name="runScenario" time="2.405"/>
  <system-out/>
  <testcase classname="testrunner.TestRunner$CucumberTestNGRunner" name="runScenario" time="1.259"/>
  <system-out/>
  <testcase classname="testrunner.TestRunner$CucumberTestNGRunner" name="runScenario" time="0.913"/>
  <system-out/>
</testsuite> <!-- testrunner.TestRunner$CucumberTestNGRunner -->
