<?xml version="1.0" encoding="UTF-8"?>
<!-- Generated by org.testng.reporters.JUnitReportReporter -->
<testsuite hostname="DESKTOP-C4MOHRM" failures="0" tests="3" name="testrunner.TestRunner$CucumberTestNGRunner" time="4.548" errors="0" timestamp="2024-10-22T12:47:34 IST" skipped="0">
  <testcase classname="testrunner.TestRunner$CucumberTestNGRunner" name="runScenario" time="2.227"/>
  <system-out/>
  <testcase classname="testrunner.TestRunner$CucumberTestNGRunner" name="runScenario" time="0.989"/>
  <system-out/>
  <testcase classname="testrunner.TestRunner$CucumberTestNGRunner" name="runScenario" time="1.332"/>
  <system-out/>
</testsuite> <!-- testrunner.TestRunner$CucumberTestNGRunner -->
