<?xml version="1.0" encoding="UTF-8"?>
<!-- Generated by org.testng.reporters.JUnitReportReporter -->
<testsuite hostname="DESKTOP-C4MOHRM" failures="0" tests="3" name="testrunner.TestRunner$CucumberTestNGRunner" time="4.068" errors="0" timestamp="2024-12-17T20:42:16 IST" skipped="0">
  <testcase classname="testrunner.TestRunner$CucumberTestNGRunner" name="runScenario" time="2.152"/>
  <system-out/>
  <testcase classname="testrunner.TestRunner$CucumberTestNGRunner" name="runScenario" time="1.142"/>
  <system-out/>
  <testcase classname="testrunner.TestRunner$CucumberTestNGRunner" name="runScenario" time="0.774"/>
  <system-out/>
</testsuite> <!-- testrunner.TestRunner$CucumberTestNGRunner -->
